yarn run v1.22.19
$ storybook build --output-dir /var/folders/fq/p41l35qn4tz5_4fcdqzwrp800000gn/T/chromatic--27380-5cHZHMNkaSjz
@storybook/cli v7.6.6

info => Cleaning outputDir: /var/folders/fq/p41l35qn4tz5_4fcdqzwrp800000gn/T/chromatic--27380-5cHZHMNkaSjz
info => Loading presets
info => Building manager..
info => Manager built (87 ms)
info => Building preview..
info => Copying static files: /Users/ikdrocket/Documents/workspace/storybook-tutorial/learnstorybook-design-system/node_modules/@storybook/manager/static at /var/folders/fq/p41l35qn4tz5_4fcdqzwrp800000gn/T/chromatic--27380-5cHZHMNkaSjz/sb-common-assets
vite v4.3.9 building for production...

./sb-common-assets/fonts.css doesn't exist at build time, it will remain unchanged to be resolved at runtime
transforming...
node_modules/telejson/dist/index.mjs (1413:15) Use of eval in "node_modules/telejson/dist/index.mjs" is strongly discouraged as it poses security risks and may cause issues with minification.
node_modules/telejson/dist/index.mjs (1416:18) Use of eval in "node_modules/telejson/dist/index.mjs" is strongly discouraged as it poses security risks and may cause issues with minification.
✓ 635 modules transformed.
rendering chunks...
computing gzip size...
../../../../../../var/folders/fq/p41l35qn4tz5_4fcdqzwrp800000gn/T/chromatic--27380-5cHZHMNkaSjz/assets/youtube-9f26eb0b.svg                                                   0.72 kB │ gzip:   0.36 kB
../../../../../../var/folders/fq/p41l35qn4tz5_4fcdqzwrp800000gn/T/chromatic--27380-5cHZHMNkaSjz/assets/tutorials-adff6365.svg                                                 1.27 kB │ gzip:   0.63 kB
../../../../../../var/folders/fq/p41l35qn4tz5_4fcdqzwrp800000gn/T/chromatic--27380-5cHZHMNkaSjz/assets/discord-f7d1b78c.svg                                                   2.41 kB │ gzip:   1.15 kB
../../../../../../var/folders/fq/p41l35qn4tz5_4fcdqzwrp800000gn/T/chromatic--27380-5cHZHMNkaSjz/assets/github-cdfc3270.svg                                                    2.72 kB │ gzip:   1.28 kB
../../../../../../var/folders/fq/p41l35qn4tz5_4fcdqzwrp800000gn/T/chromatic--27380-5cHZHMNkaSjz/assets/context-c612d889.png                                                   6.12 kB
../../../../../../var/folders/fq/p41l35qn4tz5_4fcdqzwrp800000gn/T/chromatic--27380-5cHZHMNkaSjz/assets/styling-c83082e0.png                                                   7.24 kB
../../../../../../var/folders/fq/p41l35qn4tz5_4fcdqzwrp800000gn/T/chromatic--27380-5cHZHMNkaSjz/iframe.html                                                                  12.76 kB │ gzip:   3.59 kB
../../../../../../var/folders/fq/p41l35qn4tz5_4fcdqzwrp800000gn/T/chromatic--27380-5cHZHMNkaSjz/assets/docs-5b0c7100.png                                                     27.88 kB
../../../../../../var/folders/fq/p41l35qn4tz5_4fcdqzwrp800000gn/T/chromatic--27380-5cHZHMNkaSjz/assets/share-b59d6c77.png                                                    40.77 kB
../../../../../../var/folders/fq/p41l35qn4tz5_4fcdqzwrp800000gn/T/chromatic--27380-5cHZHMNkaSjz/assets/accessibility-cd6d60f7.png                                            42.34 kB
../../../../../../var/folders/fq/p41l35qn4tz5_4fcdqzwrp800000gn/T/chromatic--27380-5cHZHMNkaSjz/assets/figma-plugin-b0a5ad2d.png                                             44.25 kB
../../../../../../var/folders/fq/p41l35qn4tz5_4fcdqzwrp800000gn/T/chromatic--27380-5cHZHMNkaSjz/assets/theming-b6e819c3.png                                                  44.37 kB
../../../../../../var/folders/fq/p41l35qn4tz5_4fcdqzwrp800000gn/T/chromatic--27380-5cHZHMNkaSjz/assets/testing-6a59f681.png                                                  49.31 kB
../../../../../../var/folders/fq/p41l35qn4tz5_4fcdqzwrp800000gn/T/chromatic--27380-5cHZHMNkaSjz/assets/addon-library-bc7ba705.png                                           467.37 kB
../../../../../../var/folders/fq/p41l35qn4tz5_4fcdqzwrp800000gn/T/chromatic--27380-5cHZHMNkaSjz/assets/Header-a6911580.css                                                    0.51 kB │ gzip:   0.31 kB
../../../../../../var/folders/fq/p41l35qn4tz5_4fcdqzwrp800000gn/T/chromatic--27380-5cHZHMNkaSjz/assets/Button-bc1a867b.css                                                    0.52 kB │ gzip:   0.29 kB
../../../../../../var/folders/fq/p41l35qn4tz5_4fcdqzwrp800000gn/T/chromatic--27380-5cHZHMNkaSjz/assets/Page.stories-ece1482a.css                                              0.93 kB │ gzip:   0.39 kB
../../../../../../var/folders/fq/p41l35qn4tz5_4fcdqzwrp800000gn/T/chromatic--27380-5cHZHMNkaSjz/assets/emotion-use-insertion-effect-with-fallbacks.browser.esm-ae8e40e8.js    0.18 kB │ gzip:   0.16 kB
../../../../../../var/folders/fq/p41l35qn4tz5_4fcdqzwrp800000gn/T/chromatic--27380-5cHZHMNkaSjz/assets/index-186b3228.js                                                      0.21 kB │ gzip:   0.17 kB
../../../../../../var/folders/fq/p41l35qn4tz5_4fcdqzwrp800000gn/T/chromatic--27380-5cHZHMNkaSjz/assets/WithTooltip-V3YHNWJZ-98bf3a53.js                                       0.48 kB │ gzip:   0.27 kB
../../../../../../var/folders/fq/p41l35qn4tz5_4fcdqzwrp800000gn/T/chromatic--27380-5cHZHMNkaSjz/assets/syntaxhighlighter-V7JZZA35-478e0618.js                                 0.49 kB │ gzip:   0.29 kB
../../../../../../var/folders/fq/p41l35qn4tz5_4fcdqzwrp800000gn/T/chromatic--27380-5cHZHMNkaSjz/assets/index-1d576ef5.js                                                      0.49 kB │ gzip:   0.31 kB
../../../../../../var/folders/fq/p41l35qn4tz5_4fcdqzwrp800000gn/T/chromatic--27380-5cHZHMNkaSjz/assets/react-18-ff2c0a32.js                                                   0.55 kB │ gzip:   0.34 kB
../../../../../../var/folders/fq/p41l35qn4tz5_4fcdqzwrp800000gn/T/chromatic--27380-5cHZHMNkaSjz/assets/preview-71e5f00d.js                                                    0.60 kB │ gzip:   0.36 kB
../../../../../../var/folders/fq/p41l35qn4tz5_4fcdqzwrp800000gn/T/chromatic--27380-5cHZHMNkaSjz/assets/preview-73104b77.js                                                    0.64 kB │ gzip:   0.44 kB
../../../../../../var/folders/fq/p41l35qn4tz5_4fcdqzwrp800000gn/T/chromatic--27380-5cHZHMNkaSjz/assets/_commonjsHelpers-042e6b4d.js                                           0.73 kB │ gzip:   0.40 kB
../../../../../../var/folders/fq/p41l35qn4tz5_4fcdqzwrp800000gn/T/chromatic--27380-5cHZHMNkaSjz/assets/index-356e4a49.js                                                      0.77 kB │ gzip:   0.47 kB
../../../../../../var/folders/fq/p41l35qn4tz5_4fcdqzwrp800000gn/T/chromatic--27380-5cHZHMNkaSjz/assets/index-1fc0ca9a.js                                                      0.80 kB │ gzip:   0.52 kB
../../../../../../var/folders/fq/p41l35qn4tz5_4fcdqzwrp800000gn/T/chromatic--27380-5cHZHMNkaSjz/assets/preview-0ef86afd.js                                                    0.86 kB │ gzip:   0.55 kB
../../../../../../var/folders/fq/p41l35qn4tz5_4fcdqzwrp800000gn/T/chromatic--27380-5cHZHMNkaSjz/assets/jsx-runtime-91a467a5.js                                                0.97 kB │ gzip:   0.61 kB
../../../../../../var/folders/fq/p41l35qn4tz5_4fcdqzwrp800000gn/T/chromatic--27380-5cHZHMNkaSjz/assets/Header.stories-3b11c23b.js                                             1.00 kB │ gzip:   0.51 kB
../../../../../../var/folders/fq/p41l35qn4tz5_4fcdqzwrp800000gn/T/chromatic--27380-5cHZHMNkaSjz/assets/entry-preview-9a7a36af.js                                              1.15 kB │ gzip:   0.67 kB
../../../../../../var/folders/fq/p41l35qn4tz5_4fcdqzwrp800000gn/T/chromatic--27380-5cHZHMNkaSjz/assets/animation-00f19151.js                                                  1.19 kB │ gzip:   0.38 kB
../../../../../../var/folders/fq/p41l35qn4tz5_4fcdqzwrp800000gn/T/chromatic--27380-5cHZHMNkaSjz/assets/DocsRenderer-NNNQARDV-1bf7c765.js                                      1.36 kB │ gzip:   0.72 kB
../../../../../../var/folders/fq/p41l35qn4tz5_4fcdqzwrp800000gn/T/chromatic--27380-5cHZHMNkaSjz/assets/Button-bf446206.js                                                     1.46 kB │ gzip:   0.68 kB
../../../../../../var/folders/fq/p41l35qn4tz5_4fcdqzwrp800000gn/T/chromatic--27380-5cHZHMNkaSjz/assets/Button.stories-796bba84.js                                             1.66 kB │ gzip:   0.64 kB
../../../../../../var/folders/fq/p41l35qn4tz5_4fcdqzwrp800000gn/T/chromatic--27380-5cHZHMNkaSjz/assets/Header-793faf76.js                                                     1.68 kB │ gzip:   0.82 kB
../../../../../../var/folders/fq/p41l35qn4tz5_4fcdqzwrp800000gn/T/chromatic--27380-5cHZHMNkaSjz/assets/preview-9270cf51.js                                                    1.81 kB │ gzip:   0.95 kB
../../../../../../var/folders/fq/p41l35qn4tz5_4fcdqzwrp800000gn/T/chromatic--27380-5cHZHMNkaSjz/assets/styles-2dd1c043.js                                                     2.08 kB │ gzip:   1.16 kB
../../../../../../var/folders/fq/p41l35qn4tz5_4fcdqzwrp800000gn/T/chromatic--27380-5cHZHMNkaSjz/assets/preview-77a968f3.js                                                    2.53 kB │ gzip:   1.29 kB
../../../../../../var/folders/fq/p41l35qn4tz5_4fcdqzwrp800000gn/T/chromatic--27380-5cHZHMNkaSjz/assets/StoryLinkWrapper-e3cc597c.js                                           2.54 kB │ gzip:   1.26 kB
../../../../../../var/folders/fq/p41l35qn4tz5_4fcdqzwrp800000gn/T/chromatic--27380-5cHZHMNkaSjz/assets/index-11d98b33.js                                                      2.59 kB │ gzip:   1.26 kB
../../../../../../var/folders/fq/p41l35qn4tz5_4fcdqzwrp800000gn/T/chromatic--27380-5cHZHMNkaSjz/assets/preview-errors-dde4324f.js                                             2.80 kB │ gzip:   1.29 kB
../../../../../../var/folders/fq/p41l35qn4tz5_4fcdqzwrp800000gn/T/chromatic--27380-5cHZHMNkaSjz/assets/Icon.stories-5d9c187b.js                                               3.17 kB │ gzip:   1.24 kB
../../../../../../var/folders/fq/p41l35qn4tz5_4fcdqzwrp800000gn/T/chromatic--27380-5cHZHMNkaSjz/assets/preview-30b54f76.js                                                    3.21 kB │ gzip:   1.37 kB
../../../../../../var/folders/fq/p41l35qn4tz5_4fcdqzwrp800000gn/T/chromatic--27380-5cHZHMNkaSjz/assets/Badge.stories-9f0705de.js                                              4.81 kB │ gzip:   1.56 kB
../../../../../../var/folders/fq/p41l35qn4tz5_4fcdqzwrp800000gn/T/chromatic--27380-5cHZHMNkaSjz/assets/Avatar.stories-6eb00617.js                                             6.74 kB │ gzip:   2.18 kB
../../../../../../var/folders/fq/p41l35qn4tz5_4fcdqzwrp800000gn/T/chromatic--27380-5cHZHMNkaSjz/assets/index-8db94870.js                                                      7.16 kB │ gzip:   2.91 kB
../../../../../../var/folders/fq/p41l35qn4tz5_4fcdqzwrp800000gn/T/chromatic--27380-5cHZHMNkaSjz/assets/Link.stories-8d953b30.js                                               7.20 kB │ gzip:   2.27 kB
../../../../../../var/folders/fq/p41l35qn4tz5_4fcdqzwrp800000gn/T/chromatic--27380-5cHZHMNkaSjz/assets/preview-da31036b.js                                                    7.62 kB │ gzip:   1.56 kB
../../../../../../var/folders/fq/p41l35qn4tz5_4fcdqzwrp800000gn/T/chromatic--27380-5cHZHMNkaSjz/assets/iframe-cd802a4b.js                                                     7.88 kB │ gzip:   1.96 kB
../../../../../../var/folders/fq/p41l35qn4tz5_4fcdqzwrp800000gn/T/chromatic--27380-5cHZHMNkaSjz/assets/preview-c56bf6ac.js                                                    8.28 kB │ gzip:   3.16 kB
../../../../../../var/folders/fq/p41l35qn4tz5_4fcdqzwrp800000gn/T/chromatic--27380-5cHZHMNkaSjz/assets/polished.esm-b6220ab2.js                                              10.86 kB │ gzip:   3.87 kB
../../../../../../var/folders/fq/p41l35qn4tz5_4fcdqzwrp800000gn/T/chromatic--27380-5cHZHMNkaSjz/assets/Configure-916444a1.js                                                 17.06 kB │ gzip:   7.74 kB
../../../../../../var/folders/fq/p41l35qn4tz5_4fcdqzwrp800000gn/T/chromatic--27380-5cHZHMNkaSjz/assets/emotion-react-jsx-runtime.browser.esm-ec48eea3.js                     17.49 kB │ gzip:   7.06 kB
../../../../../../var/folders/fq/p41l35qn4tz5_4fcdqzwrp800000gn/T/chromatic--27380-5cHZHMNkaSjz/assets/Button.stories-d68d61fd.js                                            22.40 kB │ gzip:   3.87 kB
../../../../../../var/folders/fq/p41l35qn4tz5_4fcdqzwrp800000gn/T/chromatic--27380-5cHZHMNkaSjz/assets/Color-6VNJS4EI-92c64b47.js                                            31.09 kB │ gzip:  11.65 kB
../../../../../../var/folders/fq/p41l35qn4tz5_4fcdqzwrp800000gn/T/chromatic--27380-5cHZHMNkaSjz/assets/preview-a07ea659.js                                                   72.07 kB │ gzip:  24.33 kB
../../../../../../var/folders/fq/p41l35qn4tz5_4fcdqzwrp800000gn/T/chromatic--27380-5cHZHMNkaSjz/assets/index-f1eb1ba1.js                                                     78.40 kB │ gzip:  23.41 kB
../../../../../../var/folders/fq/p41l35qn4tz5_4fcdqzwrp800000gn/T/chromatic--27380-5cHZHMNkaSjz/assets/index-8ce4a492.js                                                    134.07 kB │ gzip:  43.20 kB
../../../../../../var/folders/fq/p41l35qn4tz5_4fcdqzwrp800000gn/T/chromatic--27380-5cHZHMNkaSjz/assets/Icon-1673b2b8.js                                                     142.16 kB │ gzip:  52.29 kB
../../../../../../var/folders/fq/p41l35qn4tz5_4fcdqzwrp800000gn/T/chromatic--27380-5cHZHMNkaSjz/assets/entry-preview-docs-d9007bc6.js                                       212.40 kB │ gzip:  65.83 kB
../../../../../../var/folders/fq/p41l35qn4tz5_4fcdqzwrp800000gn/T/chromatic--27380-5cHZHMNkaSjz/assets/index-6f5c3670.js                                                    526.25 kB │ gzip: 171.29 kB
../../../../../../var/folders/fq/p41l35qn4tz5_4fcdqzwrp800000gn/T/chromatic--27380-5cHZHMNkaSjz/assets/Page.stories-e3f5ddd9.js                                             563.23 kB │ gzip: 149.08 kB
../../../../../../var/folders/fq/p41l35qn4tz5_4fcdqzwrp800000gn/T/chromatic--27380-5cHZHMNkaSjz/assets/formatter-SWP5E3XI-9ba73952.js                                       601.67 kB │ gzip: 185.04 kB

(!) Some chunks are larger than 500 kBs after minification. Consider:
- Using dynamic import() to code-split the application
- Use build.rollupOptions.output.manualChunks to improve chunking: https://rollupjs.org/configuration-options/#output-manualchunks
- Adjust chunk size limit for this warning via build.chunkSizeWarningLimit.
✓ built in 4.82s
info => Preview built (5.5 s)
info => Output directory: /var/folders/fq/p41l35qn4tz5_4fcdqzwrp800000gn/T/chromatic--27380-5cHZHMNkaSjz
Done in 7.70s.
